<?xml version="1.0" encoding="UTF-8" ?>
<testsuite failures="0" time="0.119" errors="2" skipped="5" tests="8" name="cricbuzz.test.RunCukesTest">
  <properties>
[...]
</properties>
  <testcase time="0.003" classname="Given I visit cricbuzz website   " name="Given I visit cricbuzz website   "/>
  <testcase time="0.005" classname="Then I check schedules for different tournaments    " name="Then I check schedules for different tournaments    ">
    <error message="Unable to find element with xpath == //*[@id=&apos;International-tab&apos;]/a (WARNING: The server did not provide any stacktrace information)
Command duration or timeout: 323 milliseconds
For documentation on this error, please visit: http://seleniumhq.org/exceptions/no_such_element.html
Build info: version: &apos;2.25.0&apos;, revision: &apos;17482&apos;, time: &apos;2012-07-18 22:18:01&apos;
System info: os.name: &apos;Windows 8&apos;, os.arch: &apos;amd64&apos;, os.version: &apos;6.2&apos;, java.version: &apos;1.7.0_80-ea&apos;
Driver info: driver.version: RemoteWebDriver
Session ID: 5be2c393-5d03-4ead-a133-b139da914cb9" type="org.openqa.selenium.NoSuchElementException">org.openqa.selenium.NoSuchElementException: Unable to find element with xpath == //*[@id=&apos;International-tab&apos;]/a (WARNING: The server did not provide any stacktrace information)
Command duration or timeout: 323 milliseconds
For documentation on this error, please visit: http://seleniumhq.org/exceptions/no_such_element.html
Build info: version: &apos;2.25.0&apos;, revision: &apos;17482&apos;, time: &apos;2012-07-18 22:18:01&apos;
System info: os.name: &apos;Windows 8&apos;, os.arch: &apos;amd64&apos;, os.version: &apos;6.2&apos;, java.version: &apos;1.7.0_80-ea&apos;
Driver info: driver.version: RemoteWebDriver
Session ID: 5be2c393-5d03-4ead-a133-b139da914cb9
	at sun.reflect.NativeConstructorAccessorImpl.newInstance0(Native Method)
	at sun.reflect.NativeConstructorAccessorImpl.newInstance(NativeConstructorAccessorImpl.java:57)
	at sun.reflect.DelegatingConstructorAccessorImpl.newInstance(DelegatingConstructorAccessorImpl.java:45)
	at java.lang.reflect.Constructor.newInstance(Constructor.java:526)
	at org.openqa.selenium.remote.ErrorHandler.createThrowable(ErrorHandler.java:188)
	at org.openqa.selenium.remote.ErrorHandler.throwIfResponseFailed(ErrorHandler.java:145)
	at org.openqa.selenium.remote.RemoteWebDriver.execute(RemoteWebDriver.java:498)
	at org.openqa.selenium.remote.RemoteWebDriver.findElement(RemoteWebDriver.java:268)
	at org.openqa.selenium.remote.RemoteWebDriver.findElementByXPath(RemoteWebDriver.java:353)
	at org.openqa.selenium.By$ByXPath.findElement(By.java:343)
	at org.openqa.selenium.remote.RemoteWebDriver.findElement(RemoteWebDriver.java:260)
	at cricbuzz.test.Schedule_Page.schedule(Schedule_Page.java:15)
	at cricbuzz.test.cricbuzz_steps.schedule_of_tournament(cricbuzz_steps.java:28)
	at ✽.Then I check schedules for different tournaments(cricbuzz\test\cricbuzz.feature:5)
</error>
    <system-out>&amp;#27;[1A    &amp;#27;[32mGiven &amp;#27;[0m&amp;#27;[32mI visit cricbuzz website&amp;#27;[0m                   &amp;#27;[90m# cricbuzz_steps.visit_cricbuzz()&amp;#27;[0m
    &amp;#27;[90mThen &amp;#27;[0m&amp;#27;[90mI check schedules for different tournaments&amp;#27;[0m &amp;#27;[90m# cricbuzz_steps.schedule_of_tournament()&amp;#27;[0m
</system-out>
  </testcase>
  <testcase time="0.01" classname="Scenario: Cricket world updates  " name="Scenario: Cricket world updates  ">
    <error message="Unable to find element with xpath == //*[@id=&apos;International-tab&apos;]/a (WARNING: The server did not provide any stacktrace information)
Command duration or timeout: 323 milliseconds
For documentation on this error, please visit: http://seleniumhq.org/exceptions/no_such_element.html
Build info: version: &apos;2.25.0&apos;, revision: &apos;17482&apos;, time: &apos;2012-07-18 22:18:01&apos;
System info: os.name: &apos;Windows 8&apos;, os.arch: &apos;amd64&apos;, os.version: &apos;6.2&apos;, java.version: &apos;1.7.0_80-ea&apos;
Driver info: driver.version: RemoteWebDriver
Session ID: 5be2c393-5d03-4ead-a133-b139da914cb9" type="org.openqa.selenium.NoSuchElementException">org.openqa.selenium.NoSuchElementException: Unable to find element with xpath == //*[@id=&apos;International-tab&apos;]/a (WARNING: The server did not provide any stacktrace information)
Command duration or timeout: 323 milliseconds
For documentation on this error, please visit: http://seleniumhq.org/exceptions/no_such_element.html
Build info: version: &apos;2.25.0&apos;, revision: &apos;17482&apos;, time: &apos;2012-07-18 22:18:01&apos;
System info: os.name: &apos;Windows 8&apos;, os.arch: &apos;amd64&apos;, os.version: &apos;6.2&apos;, java.version: &apos;1.7.0_80-ea&apos;
Driver info: driver.version: RemoteWebDriver
Session ID: 5be2c393-5d03-4ead-a133-b139da914cb9
	at sun.reflect.NativeConstructorAccessorImpl.newInstance0(Native Method)
	at sun.reflect.NativeConstructorAccessorImpl.newInstance(NativeConstructorAccessorImpl.java:57)
	at sun.reflect.DelegatingConstructorAccessorImpl.newInstance(DelegatingConstructorAccessorImpl.java:45)
	at java.lang.reflect.Constructor.newInstance(Constructor.java:526)
	at org.openqa.selenium.remote.ErrorHandler.createThrowable(ErrorHandler.java:188)
	at org.openqa.selenium.remote.ErrorHandler.throwIfResponseFailed(ErrorHandler.java:145)
	at org.openqa.selenium.remote.RemoteWebDriver.execute(RemoteWebDriver.java:498)
	at org.openqa.selenium.remote.RemoteWebDriver.findElement(RemoteWebDriver.java:268)
	at org.openqa.selenium.remote.RemoteWebDriver.findElementByXPath(RemoteWebDriver.java:353)
	at org.openqa.selenium.By$ByXPath.findElement(By.java:343)
	at org.openqa.selenium.remote.RemoteWebDriver.findElement(RemoteWebDriver.java:260)
	at cricbuzz.test.Schedule_Page.schedule(Schedule_Page.java:15)
	at cricbuzz.test.cricbuzz_steps.schedule_of_tournament(cricbuzz_steps.java:28)
	at ✽.Then I check schedules for different tournaments(cricbuzz\test\cricbuzz.feature:5)
</error>
  </testcase>
  <testcase time="0.011" classname="Then I check rankings for &quot;batsmens&quot;     " name="Then I check rankings for &quot;batsmens&quot;     ">
    <skipped/>
    <system-out>&amp;#27;[1A    &amp;#27;[31mThen &amp;#27;[0m&amp;#27;[31mI check schedules for different tournaments&amp;#27;[0m &amp;#27;[90m# cricbuzz_steps.schedule_of_tournament()&amp;#27;[0m
      &amp;#27;[31morg.openqa.selenium.NoSuchElementException: Unable to find element with xpath == //*[@id=&apos;International-tab&apos;]/a (WARNING: The server did not provide any stacktrace information)
      Command duration or timeout: 323 milliseconds
      For documentation on this error, please visit: http://seleniumhq.org/exceptions/no_such_element.html
      Build info: version: &apos;2.25.0&apos;, revision: &apos;17482&apos;, time: &apos;2012-07-18 22:18:01&apos;
      System info: os.name: &apos;Windows 8&apos;, os.arch: &apos;amd64&apos;, os.version: &apos;6.2&apos;, java.version: &apos;1.7.0_80-ea&apos;
      Driver info: driver.version: RemoteWebDriver
      Session ID: 5be2c393-5d03-4ead-a133-b139da914cb9
      	at sun.reflect.NativeConstructorAccessorImpl.newInstance0(Native Method)
      	at sun.reflect.NativeConstructorAccessorImpl.newInstance(NativeConstructorAccessorImpl.java:57)
      	at sun.reflect.DelegatingConstructorAccessorImpl.newInstance(DelegatingConstructorAccessorImpl.java:45)
      	at java.lang.reflect.Constructor.newInstance(Constructor.java:526)
      	at org.openqa.selenium.remote.ErrorHandler.createThrowable(ErrorHandler.java:188)
      	at org.openqa.selenium.remote.ErrorHandler.throwIfResponseFailed(ErrorHandler.java:145)
      	at org.openqa.selenium.remote.RemoteWebDriver.execute(RemoteWebDriver.java:498)
      	at org.openqa.selenium.remote.RemoteWebDriver.findElement(RemoteWebDriver.java:268)
      	at org.openqa.selenium.remote.RemoteWebDriver.findElementByXPath(RemoteWebDriver.java:353)
      	at org.openqa.selenium.By$ByXPath.findElement(By.java:343)
      	at org.openqa.selenium.remote.RemoteWebDriver.findElement(RemoteWebDriver.java:260)
      	at cricbuzz.test.Schedule_Page.schedule(Schedule_Page.java:15)
      	at cricbuzz.test.cricbuzz_steps.schedule_of_tournament(cricbuzz_steps.java:28)
      	at ?.Then I check schedules for different tournaments(cricbuzz\test\cricbuzz.feature:5)
      &amp;#27;[0m
    &amp;#27;[90mThen &amp;#27;[0m&amp;#27;[90mI check rankings for &quot;&amp;#27;[0m&amp;#27;[90m&amp;#27;[1mbatsmens&amp;#27;[0m&amp;#27;[90m&quot;&amp;#27;[0m             &amp;#27;[90m# cricbuzz_steps.rankings(String)&amp;#27;[0m
</system-out>
  </testcase>
  <testcase time="0.016" classname="Then I check rankings for &quot;bowlers&quot;      " name="Then I check rankings for &quot;bowlers&quot;      ">
    <skipped/>
    <system-out>&amp;#27;[1A    &amp;#27;[36mThen &amp;#27;[0m&amp;#27;[36mI check rankings for &quot;&amp;#27;[0m&amp;#27;[36m&amp;#27;[1mbatsmens&amp;#27;[0m&amp;#27;[36m&quot;&amp;#27;[0m             &amp;#27;[90m# cricbuzz_steps.rankings(String)&amp;#27;[0m
    &amp;#27;[90mThen &amp;#27;[0m&amp;#27;[90mI check rankings for &quot;&amp;#27;[0m&amp;#27;[90m&amp;#27;[1mbowlers&amp;#27;[0m&amp;#27;[90m&quot;&amp;#27;[0m              &amp;#27;[90m# cricbuzz_steps.rankings(String)&amp;#27;[0m
</system-out>
  </testcase>
  <testcase time="0.016" classname="Then I check live score of matches       " name="Then I check live score of matches       ">
    <skipped/>
    <system-out>&amp;#27;[1A    &amp;#27;[36mThen &amp;#27;[0m&amp;#27;[36mI check rankings for &quot;&amp;#27;[0m&amp;#27;[36m&amp;#27;[1mbowlers&amp;#27;[0m&amp;#27;[36m&quot;&amp;#27;[0m              &amp;#27;[90m# cricbuzz_steps.rankings(String)&amp;#27;[0m
    &amp;#27;[90mThen &amp;#27;[0m&amp;#27;[90mI check live score of matches&amp;#27;[0m               &amp;#27;[90m# cricbuzz_steps.live_score_of_matches()&amp;#27;[0m
</system-out>
  </testcase>
  <testcase time="0.02" classname="Then I check different news of cricket        " name="Then I check different news of cricket        ">
    <skipped/>
    <system-out>&amp;#27;[1A    &amp;#27;[36mThen &amp;#27;[0m&amp;#27;[36mI check live score of matches&amp;#27;[0m               &amp;#27;[90m# cricbuzz_steps.live_score_of_matches()&amp;#27;[0m
    &amp;#27;[90mThen &amp;#27;[0m&amp;#27;[90mI check different news of cricket&amp;#27;[0m           &amp;#27;[90m# cricbuzz_steps.news_of_cricket()&amp;#27;[0m
</system-out>
  </testcase>
  <testcase time="0.038" classname="Then I check updates for few popular teams         " name="Then I check updates for few popular teams         ">
    <skipped/>
    <system-out>&amp;#27;[1A    &amp;#27;[36mThen &amp;#27;[0m&amp;#27;[36mI check different news of cricket&amp;#27;[0m           &amp;#27;[90m# cricbuzz_steps.news_of_cricket()&amp;#27;[0m
    &amp;#27;[90mThen &amp;#27;[0m&amp;#27;[90mI check updates for few popular teams&amp;#27;[0m       &amp;#27;[90m# cricbuzz_steps.updates_of_popular_teams()&amp;#27;[0m
</system-out>
  </testcase>
</testsuite>